<?xml version="1.0" encoding="UTF-8"?>
<robot generator="Robot 7.0 (Python 3.12.1 on win32)" generated="2024-02-05T09:40:51.730577" rpa="false" schemaversion="5">
<suite id="s1" name="Robot" source="C:\Users\betty\robot">
<suite id="s1-s1" name="Test" source="C:\Users\betty\robot\test.robot">
<test id="s1-s1-t1" name="Scenario: Logga in på Playground" line="12">
<kw name="Set Selenium Speed" owner="SeleniumLibrary">
<arg>${speed}</arg>
<doc>Sets the delay that is waited after each Selenium command.</doc>
<status status="PASS" start="2024-02-05T09:40:52.200439" elapsed="0.000000"/>
</kw>
<kw name="Given Användaren är på login sidan">
<kw name="Open Browser" owner="SeleniumLibrary">
<msg time="2024-02-05T09:40:52.203043" level="INFO">Opening browser 'chrome' to base url 'None'.</msg>
<arg>browser=chrome</arg>
<doc>Opens a new browser instance to the optional ``url``.</doc>
<status status="PASS" start="2024-02-05T09:40:52.203043" elapsed="3.010363"/>
</kw>
<kw name="Go To" owner="SeleniumLibrary">
<msg time="2024-02-05T09:40:55.213406" level="INFO">Opening url 'https://automationplayground.com/crm/login.html'</msg>
<arg>${url}</arg>
<doc>Navigates the current browser window to the provided ``url``.</doc>
<status status="PASS" start="2024-02-05T09:40:55.213406" elapsed="1.960187"/>
</kw>
<status status="PASS" start="2024-02-05T09:40:52.201774" elapsed="4.971819"/>
</kw>
<kw name="When Användaren loggar in med sitt namn och pass">
<kw name="Input Text" owner="SeleniumLibrary">
<msg time="2024-02-05T09:40:57.175884" level="INFO">Typing text 'beata.tar@gmail.se' into text field '//input[@id='email-id']'.</msg>
<arg>//input[@id='email-id']</arg>
<arg>${user}</arg>
<doc>Types the given ``text`` into the text field identified by ``locator``.</doc>
<status status="PASS" start="2024-02-05T09:40:57.175884" elapsed="3.392678"/>
</kw>
<kw name="Input Password" owner="SeleniumLibrary">
<msg time="2024-02-05T09:41:00.571015" level="INFO">Typing password into text field '//input[@id='password']'.</msg>
<msg time="2024-02-05T09:41:02.717716" level="INFO">Temporally setting log level to: NONE</msg>
<arg>//input[@id='password']</arg>
<arg>${pass}</arg>
<doc>Types the given password into the text field identified by ``locator``.</doc>
<status status="PASS" start="2024-02-05T09:41:00.569804" elapsed="3.398885"/>
</kw>
<kw name="Click Button" owner="SeleniumLibrary">
<msg time="2024-02-05T09:41:03.971128" level="INFO">Clicking button '//button[@id='submit-id']'.</msg>
<arg>//button[@id='submit-id']</arg>
<doc>Clicks the button identified by ``locator``.</doc>
<status status="PASS" start="2024-02-05T09:41:03.969923" elapsed="5.630723"/>
</kw>
<status status="PASS" start="2024-02-05T09:40:57.174671" elapsed="12.425975"/>
</kw>
<kw name="Then Användaren borde vara inloggad">
<kw name="Wait Until Page Contains Element" owner="SeleniumLibrary">
<arg>//input[@placeholder='Search']</arg>
<doc>Waits until the element ``locator`` appears on the current page.</doc>
<status status="PASS" start="2024-02-05T09:41:09.604497" elapsed="1.043802"/>
</kw>
<status status="PASS" start="2024-02-05T09:41:09.603429" elapsed="1.044870"/>
</kw>
<doc>Logga in på playground</doc>
<tag>Test1</tag>
<status status="PASS" start="2024-02-05T09:40:52.196602" elapsed="18.454060"/>
</test>
<doc>Playground Git and BDD</doc>
<status status="PASS" start="2024-02-05T09:40:51.782316" elapsed="18.873774"/>
</suite>
<status status="PASS" start="2024-02-05T09:40:51.733081" elapsed="18.930813"/>
</suite>
<statistics>
<total>
<stat pass="1" fail="0" skip="0">All Tests</stat>
</total>
<tag>
<stat pass="1" fail="0" skip="0">Test1</stat>
</tag>
<suite>
<stat pass="1" fail="0" skip="0" id="s1" name="Robot">Robot</stat>
<stat pass="1" fail="0" skip="0" id="s1-s1" name="Test">Robot.Test</stat>
</suite>
</statistics>
<errors>
</errors>
</robot>
